{"/Users/pranay/Repositories/to-do-list-with-friends/frontend/src/App.js": {"path":"/Users/pranay/Repositories/to-do-list-with-friends/frontend/src/App.js","statementMap":{"0":{"start":{"line":15,"column":14},"end":{"line":27,"column":2}},"1":{"start":{"line":31,"column":4},"end":{"line":31,"column":17}},"2":{"start":{"line":33,"column":4},"end":{"line":35,"column":6}},"3":{"start":{"line":38,"column":4},"end":{"line":38,"column":22}},"4":{"start":{"line":39,"column":4},"end":{"line":39,"column":36}},"5":{"start":{"line":41,"column":15},"end":{"line":57,"column":3}},"6":{"start":{"line":42,"column":18},"end":{"line":42,"column":51}},"7":{"start":{"line":43,"column":24},"end":{"line":43,"column":71}},"8":{"start":{"line":45,"column":4},"end":{"line":55,"column":5}},"9":{"start":{"line":47,"column":6},"end":{"line":47,"column":54}},"10":{"start":{"line":48,"column":6},"end":{"line":50,"column":9}},"11":{"start":{"line":52,"column":6},"end":{"line":54,"column":9}},"12":{"start":{"line":56,"column":4},"end":{"line":56,"column":33}},"13":{"start":{"line":60,"column":4},"end":{"line":76,"column":6}}},"fnMap":{"0":{"name":"(anonymous_0)","decl":{"start":{"line":30,"column":2},"end":{"line":30,"column":3}},"loc":{"start":{"line":30,"column":21},"end":{"line":36,"column":3}},"line":30},"1":{"name":"(anonymous_1)","decl":{"start":{"line":37,"column":2},"end":{"line":37,"column":3}},"loc":{"start":{"line":37,"column":22},"end":{"line":40,"column":3}},"line":37},"2":{"name":"(anonymous_2)","decl":{"start":{"line":41,"column":15},"end":{"line":41,"column":16}},"loc":{"start":{"line":41,"column":27},"end":{"line":57,"column":3}},"line":41},"3":{"name":"(anonymous_3)","decl":{"start":{"line":59,"column":2},"end":{"line":59,"column":3}},"loc":{"start":{"line":59,"column":11},"end":{"line":77,"column":3}},"line":59}},"branchMap":{"0":{"loc":{"start":{"line":45,"column":4},"end":{"line":55,"column":5}},"type":"if","locations":[{"start":{"line":45,"column":4},"end":{"line":55,"column":5}},{"start":{"line":51,"column":11},"end":{"line":55,"column":5}}],"line":45},"1":{"loc":{"start":{"line":45,"column":8},"end":{"line":45,"column":70}},"type":"binary-expr","locations":[{"start":{"line":45,"column":8},"end":{"line":45,"column":22}},{"start":{"line":45,"column":26},"end":{"line":45,"column":46}},{"start":{"line":45,"column":51},"end":{"line":45,"column":69}}],"line":45}},"s":{"0":1,"1":1,"2":1,"3":1,"4":1,"5":1,"6":1,"7":1,"8":1,"9":0,"10":0,"11":1,"12":1,"13":2},"f":{"0":1,"1":1,"2":1,"3":2},"b":{"0":[0,1],"1":[1,0,0]},"_coverageSchema":"1a1c01bbd47fc00a2c39e90264f33305004495a9","hash":"fc3b195b512d9f15361a6018c5b579ef70e92525"}
,"/Users/pranay/Repositories/to-do-list-with-friends/frontend/src/components/Auth/LoginComp.js": {"path":"/Users/pranay/Repositories/to-do-list-with-friends/frontend/src/components/Auth/LoginComp.js","statementMap":{"0":{"start":{"line":7,"column":19},"end":{"line":7,"column":36}},"1":{"start":{"line":10,"column":28},"end":{"line":10,"column":46}},"2":{"start":{"line":11,"column":34},"end":{"line":11,"column":52}},"3":{"start":{"line":12,"column":2},"end":{"line":12,"column":33}},"4":{"start":{"line":14,"column":23},"end":{"line":30,"column":1}},"5":{"start":{"line":15,"column":4},"end":{"line":15,"column":23}},"6":{"start":{"line":17,"column":17},"end":{"line":17,"column":102}},"7":{"start":{"line":18,"column":0},"end":{"line":18,"column":19}},"8":{"start":{"line":19,"column":0},"end":{"line":19,"column":33}},"9":{"start":{"line":21,"column":2},"end":{"line":29,"column":3}},"10":{"start":{"line":22,"column":18},"end":{"line":22,"column":43}},"11":{"start":{"line":23,"column":4},"end":{"line":23,"column":42}},"12":{"start":{"line":24,"column":4},"end":{"line":24,"column":73}},"13":{"start":{"line":25,"column":4},"end":{"line":25,"column":40}},"14":{"start":{"line":28,"column":4},"end":{"line":28,"column":39}},"15":{"start":{"line":32,"column":23},"end":{"line":35,"column":1}},"16":{"start":{"line":33,"column":2},"end":{"line":33,"column":21}},"17":{"start":{"line":34,"column":2},"end":{"line":34,"column":37}},"18":{"start":{"line":37,"column":29},"end":{"line":41,"column":1}},"19":{"start":{"line":38,"column":2},"end":{"line":38,"column":21}},"20":{"start":{"line":39,"column":2},"end":{"line":39,"column":35}},"21":{"start":{"line":45,"column":2},"end":{"line":71,"column":4}},"22":{"start":{"line":55,"column":184},"end":{"line":55,"column":208}},"23":{"start":{"line":59,"column":184},"end":{"line":59,"column":211}}},"fnMap":{"0":{"name":"LoginComp","decl":{"start":{"line":9,"column":9},"end":{"line":9,"column":18}},"loc":{"start":{"line":9,"column":21},"end":{"line":72,"column":1}},"line":9},"1":{"name":"(anonymous_1)","decl":{"start":{"line":14,"column":23},"end":{"line":14,"column":24}},"loc":{"start":{"line":14,"column":36},"end":{"line":30,"column":1}},"line":14},"2":{"name":"(anonymous_2)","decl":{"start":{"line":32,"column":23},"end":{"line":32,"column":24}},"loc":{"start":{"line":32,"column":36},"end":{"line":35,"column":1}},"line":32},"3":{"name":"(anonymous_3)","decl":{"start":{"line":37,"column":29},"end":{"line":37,"column":30}},"loc":{"start":{"line":37,"column":42},"end":{"line":41,"column":1}},"line":37},"4":{"name":"(anonymous_4)","decl":{"start":{"line":55,"column":177},"end":{"line":55,"column":178}},"loc":{"start":{"line":55,"column":184},"end":{"line":55,"column":208}},"line":55},"5":{"name":"(anonymous_5)","decl":{"start":{"line":59,"column":177},"end":{"line":59,"column":178}},"loc":{"start":{"line":59,"column":184},"end":{"line":59,"column":211}},"line":59}},"branchMap":{"0":{"loc":{"start":{"line":21,"column":2},"end":{"line":29,"column":3}},"type":"if","locations":[{"start":{"line":21,"column":2},"end":{"line":29,"column":3}},{"start":{"line":26,"column":9},"end":{"line":29,"column":3}}],"line":21}},"s":{"0":1,"1":2,"2":2,"3":2,"4":2,"5":0,"6":0,"7":0,"8":0,"9":0,"10":0,"11":0,"12":0,"13":0,"14":0,"15":2,"16":0,"17":0,"18":2,"19":0,"20":0,"21":2,"22":0,"23":0},"f":{"0":2,"1":0,"2":0,"3":0,"4":0,"5":0},"b":{"0":[0,0]},"_coverageSchema":"1a1c01bbd47fc00a2c39e90264f33305004495a9","hash":"762bcda194eccb02c106cca1fda9be3e7a1d06e5"}
,"/Users/pranay/Repositories/to-do-list-with-friends/frontend/src/components/Auth/RegisterComp.js": {"path":"/Users/pranay/Repositories/to-do-list-with-friends/frontend/src/components/Auth/RegisterComp.js","statementMap":{"0":{"start":{"line":5,"column":19},"end":{"line":5,"column":36}},"1":{"start":{"line":8,"column":34},"end":{"line":8,"column":52}},"2":{"start":{"line":9,"column":32},"end":{"line":9,"column":50}},"3":{"start":{"line":10,"column":28},"end":{"line":10,"column":46}},"4":{"start":{"line":11,"column":28},"end":{"line":11,"column":46}},"5":{"start":{"line":12,"column":28},"end":{"line":12,"column":46}},"6":{"start":{"line":13,"column":36},"end":{"line":13,"column":54}},"7":{"start":{"line":14,"column":36},"end":{"line":14,"column":54}},"8":{"start":{"line":16,"column":23},"end":{"line":63,"column":3}},"9":{"start":{"line":17,"column":4},"end":{"line":17,"column":23}},"10":{"start":{"line":20,"column":4},"end":{"line":23,"column":5}},"11":{"start":{"line":21,"column":6},"end":{"line":21,"column":40}},"12":{"start":{"line":22,"column":6},"end":{"line":22,"column":13}},"13":{"start":{"line":25,"column":4},"end":{"line":28,"column":5}},"14":{"start":{"line":26,"column":6},"end":{"line":26,"column":46}},"15":{"start":{"line":27,"column":6},"end":{"line":27,"column":13}},"16":{"start":{"line":30,"column":4},"end":{"line":33,"column":5}},"17":{"start":{"line":31,"column":6},"end":{"line":31,"column":44}},"18":{"start":{"line":32,"column":6},"end":{"line":32,"column":13}},"19":{"start":{"line":35,"column":4},"end":{"line":38,"column":5}},"20":{"start":{"line":36,"column":6},"end":{"line":36,"column":49}},"21":{"start":{"line":37,"column":6},"end":{"line":37,"column":13}},"22":{"start":{"line":40,"column":4},"end":{"line":43,"column":5}},"23":{"start":{"line":41,"column":6},"end":{"line":41,"column":68}},"24":{"start":{"line":42,"column":6},"end":{"line":42,"column":13}},"25":{"start":{"line":44,"column":21},"end":{"line":50,"column":10}},"26":{"start":{"line":53,"column":4},"end":{"line":62,"column":5}},"27":{"start":{"line":54,"column":6},"end":{"line":54,"column":44}},"28":{"start":{"line":55,"column":6},"end":{"line":55,"column":38}},"29":{"start":{"line":61,"column":6},"end":{"line":61,"column":27}},"30":{"start":{"line":66,"column":2},"end":{"line":93,"column":4}},"31":{"start":{"line":75,"column":192},"end":{"line":75,"column":219}},"32":{"start":{"line":76,"column":188},"end":{"line":76,"column":214}},"33":{"start":{"line":79,"column":185},"end":{"line":79,"column":213}},"34":{"start":{"line":80,"column":201},"end":{"line":80,"column":229}},"35":{"start":{"line":83,"column":181},"end":{"line":83,"column":205}},"36":{"start":{"line":84,"column":179},"end":{"line":84,"column":203}},"37":{"start":{"line":87,"column":172},"end":{"line":87,"column":196}}},"fnMap":{"0":{"name":"RegisterComp","decl":{"start":{"line":7,"column":9},"end":{"line":7,"column":21}},"loc":{"start":{"line":7,"column":24},"end":{"line":94,"column":1}},"line":7},"1":{"name":"(anonymous_1)","decl":{"start":{"line":16,"column":23},"end":{"line":16,"column":24}},"loc":{"start":{"line":16,"column":36},"end":{"line":63,"column":3}},"line":16},"2":{"name":"(anonymous_2)","decl":{"start":{"line":75,"column":185},"end":{"line":75,"column":186}},"loc":{"start":{"line":75,"column":192},"end":{"line":75,"column":219}},"line":75},"3":{"name":"(anonymous_3)","decl":{"start":{"line":76,"column":181},"end":{"line":76,"column":182}},"loc":{"start":{"line":76,"column":188},"end":{"line":76,"column":214}},"line":76},"4":{"name":"(anonymous_4)","decl":{"start":{"line":79,"column":178},"end":{"line":79,"column":179}},"loc":{"start":{"line":79,"column":185},"end":{"line":79,"column":213}},"line":79},"5":{"name":"(anonymous_5)","decl":{"start":{"line":80,"column":194},"end":{"line":80,"column":195}},"loc":{"start":{"line":80,"column":201},"end":{"line":80,"column":229}},"line":80},"6":{"name":"(anonymous_6)","decl":{"start":{"line":83,"column":174},"end":{"line":83,"column":175}},"loc":{"start":{"line":83,"column":181},"end":{"line":83,"column":205}},"line":83},"7":{"name":"(anonymous_7)","decl":{"start":{"line":84,"column":172},"end":{"line":84,"column":173}},"loc":{"start":{"line":84,"column":179},"end":{"line":84,"column":203}},"line":84},"8":{"name":"(anonymous_8)","decl":{"start":{"line":87,"column":165},"end":{"line":87,"column":166}},"loc":{"start":{"line":87,"column":172},"end":{"line":87,"column":196}},"line":87}},"branchMap":{"0":{"loc":{"start":{"line":20,"column":4},"end":{"line":23,"column":5}},"type":"if","locations":[{"start":{"line":20,"column":4},"end":{"line":23,"column":5}},{"start":{},"end":{}}],"line":20},"1":{"loc":{"start":{"line":25,"column":4},"end":{"line":28,"column":5}},"type":"if","locations":[{"start":{"line":25,"column":4},"end":{"line":28,"column":5}},{"start":{},"end":{}}],"line":25},"2":{"loc":{"start":{"line":30,"column":4},"end":{"line":33,"column":5}},"type":"if","locations":[{"start":{"line":30,"column":4},"end":{"line":33,"column":5}},{"start":{},"end":{}}],"line":30},"3":{"loc":{"start":{"line":35,"column":4},"end":{"line":38,"column":5}},"type":"if","locations":[{"start":{"line":35,"column":4},"end":{"line":38,"column":5}},{"start":{},"end":{}}],"line":35},"4":{"loc":{"start":{"line":40,"column":4},"end":{"line":43,"column":5}},"type":"if","locations":[{"start":{"line":40,"column":4},"end":{"line":43,"column":5}},{"start":{},"end":{}}],"line":40},"5":{"loc":{"start":{"line":53,"column":4},"end":{"line":62,"column":5}},"type":"if","locations":[{"start":{"line":53,"column":4},"end":{"line":62,"column":5}},{"start":{"line":58,"column":11},"end":{"line":62,"column":5}}],"line":53}},"s":{"0":1,"1":0,"2":0,"3":0,"4":0,"5":0,"6":0,"7":0,"8":0,"9":0,"10":0,"11":0,"12":0,"13":0,"14":0,"15":0,"16":0,"17":0,"18":0,"19":0,"20":0,"21":0,"22":0,"23":0,"24":0,"25":0,"26":0,"27":0,"28":0,"29":0,"30":0,"31":0,"32":0,"33":0,"34":0,"35":0,"36":0,"37":0},"f":{"0":0,"1":0,"2":0,"3":0,"4":0,"5":0,"6":0,"7":0,"8":0},"b":{"0":[0,0],"1":[0,0],"2":[0,0],"3":[0,0],"4":[0,0],"5":[0,0]},"_coverageSchema":"1a1c01bbd47fc00a2c39e90264f33305004495a9","hash":"88bf77508bce3051491a68b3fc04a8b54ebf8f65"}
,"/Users/pranay/Repositories/to-do-list-with-friends/frontend/src/components/Dashboard/AddTaskButton.js": {"path":"/Users/pranay/Repositories/to-do-list-with-friends/frontend/src/components/Dashboard/AddTaskButton.js","statementMap":{"0":{"start":{"line":7,"column":2},"end":{"line":27,"column":4}},"1":{"start":{"line":23,"column":22},"end":{"line":23,"column":50}}},"fnMap":{"0":{"name":"AddTaskButton","decl":{"start":{"line":5,"column":9},"end":{"line":5,"column":22}},"loc":{"start":{"line":5,"column":25},"end":{"line":28,"column":1}},"line":5},"1":{"name":"(anonymous_1)","decl":{"start":{"line":23,"column":15},"end":{"line":23,"column":16}},"loc":{"start":{"line":23,"column":21},"end":{"line":23,"column":51}},"line":23}},"branchMap":{},"s":{"0":0,"1":0},"f":{"0":0,"1":0},"b":{},"_coverageSchema":"1a1c01bbd47fc00a2c39e90264f33305004495a9","hash":"dd4197c2c188d27f27edf7021086b6e8e7f7c107"}
,"/Users/pranay/Repositories/to-do-list-with-friends/frontend/src/components/Dashboard/Dashboard.js": {"path":"/Users/pranay/Repositories/to-do-list-with-friends/frontend/src/components/Dashboard/Dashboard.js","statementMap":{"0":{"start":{"line":12,"column":2},"end":{"line":42,"column":4}}},"fnMap":{"0":{"name":"Dashboard","decl":{"start":{"line":11,"column":9},"end":{"line":11,"column":18}},"loc":{"start":{"line":11,"column":21},"end":{"line":43,"column":1}},"line":11}},"branchMap":{},"s":{"0":0},"f":{"0":0},"b":{},"_coverageSchema":"1a1c01bbd47fc00a2c39e90264f33305004495a9","hash":"c89f5f0f2384e76ef7d3ebd3106d0e89cb81ca13"}
,"/Users/pranay/Repositories/to-do-list-with-friends/frontend/src/components/Dashboard/TaskCards.js": {"path":"/Users/pranay/Repositories/to-do-list-with-friends/frontend/src/components/Dashboard/TaskCards.js","statementMap":{"0":{"start":{"line":27,"column":27},"end":{"line":39,"column":1}},"1":{"start":{"line":41,"column":14},"end":{"line":82,"column":1}},"2":{"start":{"line":84,"column":23},"end":{"line":84,"column":24}},"3":{"start":{"line":87,"column":28},"end":{"line":87,"column":46}},"4":{"start":{"line":88,"column":26},"end":{"line":88,"column":37}},"5":{"start":{"line":90,"column":23},"end":{"line":92,"column":3}},"6":{"start":{"line":91,"column":4},"end":{"line":91,"column":23}},"7":{"start":{"line":94,"column":33},"end":{"line":96,"column":3}},"8":{"start":{"line":95,"column":4},"end":{"line":95,"column":19}},"9":{"start":{"line":98,"column":26},"end":{"line":106,"column":3}},"10":{"start":{"line":99,"column":4},"end":{"line":105,"column":6}},"11":{"start":{"line":108,"column":26},"end":{"line":108,"column":47}},"12":{"start":{"line":109,"column":27},"end":{"line":109,"column":59}},"13":{"start":{"line":110,"column":23},"end":{"line":110,"column":76}},"14":{"start":{"line":112,"column":2},"end":{"line":319,"column":4}},"15":{"start":{"line":149,"column":18},"end":{"line":273,"column":31}},"16":{"start":{"line":149,"column":44},"end":{"line":149,"column":74}},"17":{"start":{"line":304,"column":16},"end":{"line":312,"column":27}}},"fnMap":{"0":{"name":"TaskCards","decl":{"start":{"line":86,"column":24},"end":{"line":86,"column":33}},"loc":{"start":{"line":86,"column":36},"end":{"line":320,"column":1}},"line":86},"1":{"name":"(anonymous_1)","decl":{"start":{"line":90,"column":23},"end":{"line":90,"column":24}},"loc":{"start":{"line":90,"column":44},"end":{"line":92,"column":3}},"line":90},"2":{"name":"(anonymous_2)","decl":{"start":{"line":94,"column":33},"end":{"line":94,"column":34}},"loc":{"start":{"line":94,"column":51},"end":{"line":96,"column":3}},"line":94},"3":{"name":"(anonymous_3)","decl":{"start":{"line":98,"column":26},"end":{"line":98,"column":27}},"loc":{"start":{"line":98,"column":40},"end":{"line":106,"column":3}},"line":98},"4":{"name":"(anonymous_4)","decl":{"start":{"line":148,"column":34},"end":{"line":148,"column":35}},"loc":{"start":{"line":149,"column":18},"end":{"line":273,"column":31}},"line":149},"5":{"name":"(anonymous_5)","decl":{"start":{"line":149,"column":39},"end":{"line":149,"column":40}},"loc":{"start":{"line":149,"column":43},"end":{"line":149,"column":75}},"line":149},"6":{"name":"(anonymous_6)","decl":{"start":{"line":303,"column":34},"end":{"line":303,"column":35}},"loc":{"start":{"line":304,"column":16},"end":{"line":312,"column":27}},"line":304}},"branchMap":{"0":{"loc":{"start":{"line":136,"column":7},"end":{"line":287,"column":7}},"type":"binary-expr","locations":[{"start":{"line":136,"column":7},"end":{"line":136,"column":25}},{"start":{"line":137,"column":8},"end":{"line":286,"column":11}}],"line":136},"1":{"loc":{"start":{"line":288,"column":7},"end":{"line":317,"column":7}},"type":"binary-expr","locations":[{"start":{"line":288,"column":7},"end":{"line":288,"column":27}},{"start":{"line":289,"column":8},"end":{"line":316,"column":25}}],"line":288}},"s":{"0":1,"1":1,"2":1,"3":0,"4":0,"5":0,"6":0,"7":0,"8":0,"9":0,"10":0,"11":0,"12":0,"13":0,"14":0,"15":0,"16":0,"17":0},"f":{"0":0,"1":0,"2":0,"3":0,"4":0,"5":0,"6":0},"b":{"0":[0,0],"1":[0,0]},"_coverageSchema":"1a1c01bbd47fc00a2c39e90264f33305004495a9","hash":"fd313bc8305c1d101b452e10428855686dcef3e8"}
,"/Users/pranay/Repositories/to-do-list-with-friends/frontend/src/components/Navbar/Navbar.js": {"path":"/Users/pranay/Repositories/to-do-list-with-friends/frontend/src/components/Navbar/Navbar.js","statementMap":{"0":{"start":{"line":26,"column":15},"end":{"line":125,"column":1}},"1":{"start":{"line":27,"column":19},"end":{"line":27,"column":32}},"2":{"start":{"line":28,"column":23},"end":{"line":28,"column":46}},"3":{"start":{"line":29,"column":19},"end":{"line":29,"column":59}},"4":{"start":{"line":30,"column":34},"end":{"line":30,"column":48}},"5":{"start":{"line":31,"column":42},"end":{"line":31,"column":57}},"6":{"start":{"line":32,"column":24},"end":{"line":36,"column":3}},"7":{"start":{"line":37,"column":39},"end":{"line":39,"column":3}},"8":{"start":{"line":38,"column":4},"end":{"line":38,"column":26}},"9":{"start":{"line":41,"column":40},"end":{"line":44,"column":3}},"10":{"start":{"line":42,"column":4},"end":{"line":42,"column":27}},"11":{"start":{"line":43,"column":4},"end":{"line":43,"column":18}},"12":{"start":{"line":45,"column":22},"end":{"line":47,"column":3}},"13":{"start":{"line":46,"column":4},"end":{"line":46,"column":37}},"14":{"start":{"line":49,"column":22},"end":{"line":51,"column":3}},"15":{"start":{"line":50,"column":4},"end":{"line":50,"column":22}},"16":{"start":{"line":52,"column":2},"end":{"line":124,"column":3}},"17":{"start":{"line":53,"column":4},"end":{"line":53,"column":16}},"18":{"start":{"line":55,"column":4},"end":{"line":123,"column":6}},"19":{"start":{"line":91,"column":20},"end":{"line":93,"column":31}}},"fnMap":{"0":{"name":"(anonymous_0)","decl":{"start":{"line":26,"column":15},"end":{"line":26,"column":16}},"loc":{"start":{"line":26,"column":21},"end":{"line":125,"column":1}},"line":26},"1":{"name":"(anonymous_1)","decl":{"start":{"line":37,"column":39},"end":{"line":37,"column":40}},"loc":{"start":{"line":37,"column":45},"end":{"line":39,"column":3}},"line":37},"2":{"name":"(anonymous_2)","decl":{"start":{"line":41,"column":40},"end":{"line":41,"column":41}},"loc":{"start":{"line":41,"column":46},"end":{"line":44,"column":3}},"line":41},"3":{"name":"(anonymous_3)","decl":{"start":{"line":45,"column":22},"end":{"line":45,"column":23}},"loc":{"start":{"line":45,"column":33},"end":{"line":47,"column":3}},"line":45},"4":{"name":"(anonymous_4)","decl":{"start":{"line":49,"column":22},"end":{"line":49,"column":23}},"loc":{"start":{"line":49,"column":28},"end":{"line":51,"column":3}},"line":49},"5":{"name":"(anonymous_5)","decl":{"start":{"line":90,"column":37},"end":{"line":90,"column":38}},"loc":{"start":{"line":91,"column":20},"end":{"line":93,"column":31}},"line":91}},"branchMap":{"0":{"loc":{"start":{"line":52,"column":2},"end":{"line":124,"column":3}},"type":"if","locations":[{"start":{"line":52,"column":2},"end":{"line":124,"column":3}},{"start":{"line":54,"column":9},"end":{"line":124,"column":3}}],"line":52}},"s":{"0":1,"1":2,"2":2,"3":2,"4":2,"5":2,"6":2,"7":2,"8":0,"9":2,"10":0,"11":0,"12":2,"13":0,"14":2,"15":0,"16":2,"17":2,"18":0,"19":0},"f":{"0":2,"1":0,"2":0,"3":0,"4":0,"5":0},"b":{"0":[2,0]},"_coverageSchema":"1a1c01bbd47fc00a2c39e90264f33305004495a9","hash":"2c6a236b8f91ed3cfc103b074de412d3f50876c5"}
,"/Users/pranay/Repositories/to-do-list-with-friends/frontend/src/context/AuthContext.js": {"path":"/Users/pranay/Repositories/to-do-list-with-friends/frontend/src/context/AuthContext.js","statementMap":{"0":{"start":{"line":6,"column":26},"end":{"line":20,"column":3}},"1":{"start":{"line":7,"column":4},"end":{"line":19,"column":5}},"2":{"start":{"line":8,"column":27},"end":{"line":8,"column":44}},"3":{"start":{"line":9,"column":18},"end":{"line":9,"column":51}},"4":{"start":{"line":10,"column":17},"end":{"line":10,"column":64}},"5":{"start":{"line":11,"column":25},"end":{"line":11,"column":111}},"6":{"start":{"line":12,"column":8},"end":{"line":12,"column":41}},"7":{"start":{"line":13,"column":8},"end":{"line":14,"column":24}},"8":{"start":{"line":14,"column":12},"end":{"line":14,"column":24}},"9":{"start":{"line":15,"column":8},"end":{"line":15,"column":21}},"10":{"start":{"line":17,"column":8},"end":{"line":17,"column":64}},"11":{"start":{"line":18,"column":8},"end":{"line":18,"column":21}}},"fnMap":{"0":{"name":"(anonymous_0)","decl":{"start":{"line":6,"column":26},"end":{"line":6,"column":27}},"loc":{"start":{"line":6,"column":38},"end":{"line":20,"column":3}},"line":6}},"branchMap":{"0":{"loc":{"start":{"line":13,"column":8},"end":{"line":14,"column":24}},"type":"if","locations":[{"start":{"line":13,"column":8},"end":{"line":14,"column":24}},{"start":{},"end":{}}],"line":13}},"s":{"0":1,"1":0,"2":0,"3":0,"4":0,"5":0,"6":0,"7":0,"8":0,"9":0,"10":0,"11":0},"f":{"0":0},"b":{"0":[0,0]},"_coverageSchema":"1a1c01bbd47fc00a2c39e90264f33305004495a9","hash":"9d72b7ec8dfefbf08529828f4e40984d6b2ce560"}
,"/Users/pranay/Repositories/to-do-list-with-friends/frontend/src/pages/auth/Login.js": {"path":"/Users/pranay/Repositories/to-do-list-with-friends/frontend/src/pages/auth/Login.js","statementMap":{"0":{"start":{"line":8,"column":21},"end":{"line":18,"column":3}},"1":{"start":{"line":9,"column":18},"end":{"line":9,"column":51}},"2":{"start":{"line":10,"column":24},"end":{"line":10,"column":71}},"3":{"start":{"line":13,"column":4},"end":{"line":16,"column":5}},"4":{"start":{"line":14,"column":6},"end":{"line":14,"column":41}},"5":{"start":{"line":15,"column":6},"end":{"line":15,"column":39}},"6":{"start":{"line":19,"column":2},"end":{"line":19,"column":15}},"7":{"start":{"line":20,"column":2},"end":{"line":20,"column":28}},"8":{"start":{"line":21,"column":2},"end":{"line":53,"column":4}}},"fnMap":{"0":{"name":"Login","decl":{"start":{"line":7,"column":10},"end":{"line":7,"column":15}},"loc":{"start":{"line":7,"column":18},"end":{"line":54,"column":1}},"line":7},"1":{"name":"(anonymous_1)","decl":{"start":{"line":8,"column":21},"end":{"line":8,"column":22}},"loc":{"start":{"line":8,"column":33},"end":{"line":18,"column":3}},"line":8}},"branchMap":{"0":{"loc":{"start":{"line":13,"column":4},"end":{"line":16,"column":5}},"type":"if","locations":[{"start":{"line":13,"column":4},"end":{"line":16,"column":5}},{"start":{},"end":{}}],"line":13},"1":{"loc":{"start":{"line":13,"column":8},"end":{"line":13,"column":64}},"type":"binary-expr","locations":[{"start":{"line":13,"column":8},"end":{"line":13,"column":20}},{"start":{"line":13,"column":24},"end":{"line":13,"column":42}},{"start":{"line":13,"column":46},"end":{"line":13,"column":64}}],"line":13}},"s":{"0":2,"1":2,"2":2,"3":2,"4":0,"5":0,"6":2,"7":2,"8":2},"f":{"0":2,"1":2},"b":{"0":[0,2],"1":[2,0,0]},"_coverageSchema":"1a1c01bbd47fc00a2c39e90264f33305004495a9","hash":"82604bd5a62e4b805a8a4f8292a2daa905dc898b"}
}
