TN:
SF:src/App.js
FN:30,(anonymous_0)
FN:37,(anonymous_1)
FN:41,(anonymous_2)
FN:59,(anonymous_3)
FNF:4
FNH:4
FNDA:1,(anonymous_0)
FNDA:1,(anonymous_1)
FNDA:1,(anonymous_2)
FNDA:2,(anonymous_3)
DA:15,1
DA:31,1
DA:33,1
DA:38,1
DA:39,1
DA:41,1
DA:42,1
DA:43,1
DA:45,1
DA:47,0
DA:48,0
DA:52,1
DA:56,1
DA:60,2
LF:14
LH:12
BRDA:45,0,0,0
BRDA:45,0,1,1
BRDA:45,1,0,1
BRDA:45,1,1,0
BRDA:45,1,2,0
BRF:5
BRH:2
end_of_record
TN:
SF:src/components/Auth/LoginComp.js
FN:9,LoginComp
FN:14,(anonymous_1)
FN:32,(anonymous_2)
FN:37,(anonymous_3)
FN:55,(anonymous_4)
FN:59,(anonymous_5)
FNF:6
FNH:1
FNDA:2,LoginComp
FNDA:0,(anonymous_1)
FNDA:0,(anonymous_2)
FNDA:0,(anonymous_3)
FNDA:0,(anonymous_4)
FNDA:0,(anonymous_5)
DA:7,1
DA:10,2
DA:11,2
DA:12,2
DA:14,2
DA:15,0
DA:17,0
DA:18,0
DA:19,0
DA:21,0
DA:22,0
DA:23,0
DA:24,0
DA:25,0
DA:28,0
DA:32,2
DA:33,0
DA:34,0
DA:37,2
DA:38,0
DA:39,0
DA:45,2
DA:55,0
DA:59,0
LF:24
LH:8
BRDA:21,0,0,0
BRDA:21,0,1,0
BRF:2
BRH:0
end_of_record
TN:
SF:src/components/Auth/RegisterComp.js
FN:7,RegisterComp
FN:16,(anonymous_1)
FN:75,(anonymous_2)
FN:76,(anonymous_3)
FN:79,(anonymous_4)
FN:80,(anonymous_5)
FN:83,(anonymous_6)
FN:84,(anonymous_7)
FN:87,(anonymous_8)
FNF:9
FNH:0
FNDA:0,RegisterComp
FNDA:0,(anonymous_1)
FNDA:0,(anonymous_2)
FNDA:0,(anonymous_3)
FNDA:0,(anonymous_4)
FNDA:0,(anonymous_5)
FNDA:0,(anonymous_6)
FNDA:0,(anonymous_7)
FNDA:0,(anonymous_8)
DA:5,1
DA:8,0
DA:9,0
DA:10,0
DA:11,0
DA:12,0
DA:13,0
DA:14,0
DA:16,0
DA:17,0
DA:20,0
DA:21,0
DA:22,0
DA:25,0
DA:26,0
DA:27,0
DA:30,0
DA:31,0
DA:32,0
DA:35,0
DA:36,0
DA:37,0
DA:40,0
DA:41,0
DA:42,0
DA:44,0
DA:53,0
DA:54,0
DA:55,0
DA:61,0
DA:66,0
DA:75,0
DA:76,0
DA:79,0
DA:80,0
DA:83,0
DA:84,0
DA:87,0
LF:38
LH:1
BRDA:20,0,0,0
BRDA:20,0,1,0
BRDA:25,1,0,0
BRDA:25,1,1,0
BRDA:30,2,0,0
BRDA:30,2,1,0
BRDA:35,3,0,0
BRDA:35,3,1,0
BRDA:40,4,0,0
BRDA:40,4,1,0
BRDA:53,5,0,0
BRDA:53,5,1,0
BRF:12
BRH:0
end_of_record
TN:
SF:src/components/Dashboard/AddTaskButton.js
FN:5,AddTaskButton
FN:23,(anonymous_1)
FNF:2
FNH:0
FNDA:0,AddTaskButton
FNDA:0,(anonymous_1)
DA:7,0
DA:23,0
LF:2
LH:0
BRF:0
BRH:0
end_of_record
TN:
SF:src/components/Dashboard/Dashboard.js
FN:11,Dashboard
FNF:1
FNH:0
FNDA:0,Dashboard
DA:12,0
LF:1
LH:0
BRF:0
BRH:0
end_of_record
TN:
SF:src/components/Dashboard/TaskCards.js
FN:86,TaskCards
FN:90,(anonymous_1)
FN:94,(anonymous_2)
FN:98,(anonymous_3)
FN:148,(anonymous_4)
FN:149,(anonymous_5)
FN:303,(anonymous_6)
FNF:7
FNH:0
FNDA:0,TaskCards
FNDA:0,(anonymous_1)
FNDA:0,(anonymous_2)
FNDA:0,(anonymous_3)
FNDA:0,(anonymous_4)
FNDA:0,(anonymous_5)
FNDA:0,(anonymous_6)
DA:27,1
DA:41,1
DA:84,1
DA:87,0
DA:88,0
DA:90,0
DA:91,0
DA:94,0
DA:95,0
DA:98,0
DA:99,0
DA:108,0
DA:109,0
DA:110,0
DA:112,0
DA:149,0
DA:304,0
LF:17
LH:3
BRDA:136,0,0,0
BRDA:136,0,1,0
BRDA:288,1,0,0
BRDA:288,1,1,0
BRF:4
BRH:0
end_of_record
TN:
SF:src/components/Navbar/Navbar.js
FN:26,(anonymous_0)
FN:37,(anonymous_1)
FN:41,(anonymous_2)
FN:45,(anonymous_3)
FN:49,(anonymous_4)
FN:90,(anonymous_5)
FNF:6
FNH:1
FNDA:2,(anonymous_0)
FNDA:0,(anonymous_1)
FNDA:0,(anonymous_2)
FNDA:0,(anonymous_3)
FNDA:0,(anonymous_4)
FNDA:0,(anonymous_5)
DA:26,1
DA:27,2
DA:28,2
DA:29,2
DA:30,2
DA:31,2
DA:32,2
DA:37,2
DA:38,0
DA:41,2
DA:42,0
DA:43,0
DA:45,2
DA:46,0
DA:49,2
DA:50,0
DA:52,2
DA:53,2
DA:55,0
DA:91,0
LF:20
LH:13
BRDA:52,0,0,2
BRDA:52,0,1,0
BRF:2
BRH:1
end_of_record
TN:
SF:src/context/AuthContext.js
FN:6,(anonymous_0)
FNF:1
FNH:0
FNDA:0,(anonymous_0)
DA:6,1
DA:7,0
DA:8,0
DA:9,0
DA:10,0
DA:11,0
DA:12,0
DA:13,0
DA:14,0
DA:15,0
DA:17,0
DA:18,0
LF:12
LH:1
BRDA:13,0,0,0
BRDA:13,0,1,0
BRF:2
BRH:0
end_of_record
TN:
SF:src/pages/auth/Login.js
FN:7,Login
FN:8,(anonymous_1)
FNF:2
FNH:2
FNDA:2,Login
FNDA:2,(anonymous_1)
DA:8,2
DA:9,2
DA:10,2
DA:13,2
DA:14,0
DA:15,0
DA:19,2
DA:20,2
DA:21,2
LF:9
LH:7
BRDA:13,0,0,0
BRDA:13,0,1,2
BRDA:13,1,0,2
BRDA:13,1,1,0
BRDA:13,1,2,0
BRF:5
BRH:2
end_of_record
