{"/Users/pranay/Repositories/to-do-list-with-friends/backend/models/group/group.js": {"path":"/Users/pranay/Repositories/to-do-list-with-friends/backend/models/group/group.js","statementMap":{"0":{"start":{"line":2,"column":18},"end":{"line":2,"column":37}},"1":{"start":{"line":3,"column":14},"end":{"line":25,"column":2}},"2":{"start":{"line":27,"column":0},"end":{"line":27,"column":27}}},"fnMap":{},"branchMap":{},"s":{"0":1,"1":1,"2":1},"f":{},"b":{},"_coverageSchema":"1a1c01bbd47fc00a2c39e90264f33305004495a9","hash":"8822b7132850e023e2a5ba0b7ca58bc67d669a08"}
,"/Users/pranay/Repositories/to-do-list-with-friends/backend/services/groupService.js": {"path":"/Users/pranay/Repositories/to-do-list-with-friends/backend/services/groupService.js","statementMap":{"0":{"start":{"line":1,"column":18},"end":{"line":1,"column":50}},"1":{"start":{"line":3,"column":21},"end":{"line":54,"column":1}},"2":{"start":{"line":5,"column":6},"end":{"line":17,"column":7}},"3":{"start":{"line":6,"column":25},"end":{"line":6,"column":63}},"4":{"start":{"line":8,"column":27},"end":{"line":8,"column":29}},"5":{"start":{"line":9,"column":10},"end":{"line":11,"column":13}},"6":{"start":{"line":10,"column":12},"end":{"line":10,"column":45}},"7":{"start":{"line":12,"column":10},"end":{"line":12,"column":26}},"8":{"start":{"line":15,"column":12},"end":{"line":15,"column":35}},"9":{"start":{"line":16,"column":12},"end":{"line":16,"column":21}},"10":{"start":{"line":21,"column":25},"end":{"line":21,"column":41}},"11":{"start":{"line":22,"column":8},"end":{"line":22,"column":30}},"12":{"start":{"line":23,"column":8},"end":{"line":26,"column":8}},"13":{"start":{"line":30,"column":22},"end":{"line":30,"column":46}},"14":{"start":{"line":31,"column":8},"end":{"line":33,"column":9}},"15":{"start":{"line":32,"column":8},"end":{"line":32,"column":21}},"16":{"start":{"line":37,"column":29},"end":{"line":40,"column":10}},"17":{"start":{"line":41,"column":8},"end":{"line":45,"column":9}},"18":{"start":{"line":42,"column":10},"end":{"line":42,"column":23}},"19":{"start":{"line":44,"column":12},"end":{"line":44,"column":32}},"20":{"start":{"line":49,"column":8},"end":{"line":52,"column":31}},"21":{"start":{"line":50,"column":12},"end":{"line":50,"column":46}},"22":{"start":{"line":51,"column":12},"end":{"line":51,"column":24}},"23":{"start":{"line":52,"column":18},"end":{"line":52,"column":30}},"24":{"start":{"line":56,"column":0},"end":{"line":56,"column":30}}},"fnMap":{"0":{"name":"(anonymous_0)","decl":{"start":{"line":4,"column":4},"end":{"line":4,"column":5}},"loc":{"start":{"line":4,"column":22},"end":{"line":18,"column":5}},"line":4},"1":{"name":"(anonymous_1)","decl":{"start":{"line":9,"column":25},"end":{"line":9,"column":26}},"loc":{"start":{"line":9,"column":36},"end":{"line":11,"column":11}},"line":9},"2":{"name":"(anonymous_2)","decl":{"start":{"line":20,"column":4},"end":{"line":20,"column":5}},"loc":{"start":{"line":20,"column":29},"end":{"line":27,"column":5}},"line":20},"3":{"name":"(anonymous_3)","decl":{"start":{"line":29,"column":4},"end":{"line":29,"column":5}},"loc":{"start":{"line":29,"column":27},"end":{"line":34,"column":5}},"line":29},"4":{"name":"(anonymous_4)","decl":{"start":{"line":36,"column":4},"end":{"line":36,"column":5}},"loc":{"start":{"line":36,"column":37},"end":{"line":46,"column":7}},"line":36},"5":{"name":"(anonymous_5)","decl":{"start":{"line":48,"column":6},"end":{"line":48,"column":7}},"loc":{"start":{"line":48,"column":28},"end":{"line":53,"column":7}},"line":48}},"branchMap":{"0":{"loc":{"start":{"line":31,"column":8},"end":{"line":33,"column":9}},"type":"if","locations":[{"start":{"line":31,"column":8},"end":{"line":33,"column":9}},{"start":{},"end":{}}],"line":31},"1":{"loc":{"start":{"line":41,"column":8},"end":{"line":45,"column":9}},"type":"if","locations":[{"start":{"line":41,"column":8},"end":{"line":45,"column":9}},{"start":{"line":43,"column":13},"end":{"line":45,"column":9}}],"line":41}},"s":{"0":1,"1":1,"2":1,"3":1,"4":1,"5":1,"6":2,"7":1,"8":0,"9":0,"10":1,"11":1,"12":1,"13":2,"14":2,"15":1,"16":2,"17":2,"18":0,"19":2,"20":1,"21":1,"22":1,"23":0,"24":1},"f":{"0":1,"1":2,"2":1,"3":2,"4":2,"5":1},"b":{"0":[1,1],"1":[0,2]},"_coverageSchema":"1a1c01bbd47fc00a2c39e90264f33305004495a9","hash":"7932d7ef56495d750f11883c4acdfa3f8d279e50"}
}
