TN:
SF:models/group/group.js
FNF:0
FNH:0
DA:2,1
DA:3,1
DA:27,1
LF:3
LH:3
BRF:0
BRH:0
end_of_record
TN:
SF:services/groupService.js
FN:4,(anonymous_0)
FN:9,(anonymous_1)
FN:20,(anonymous_2)
FN:29,(anonymous_3)
FN:36,(anonymous_4)
FN:48,(anonymous_5)
FNF:6
FNH:6
FNDA:1,(anonymous_0)
FNDA:2,(anonymous_1)
FNDA:1,(anonymous_2)
FNDA:2,(anonymous_3)
FNDA:2,(anonymous_4)
FNDA:1,(anonymous_5)
DA:1,1
DA:3,1
DA:5,1
DA:6,1
DA:8,1
DA:9,1
DA:10,2
DA:12,1
DA:15,0
DA:16,0
DA:21,1
DA:22,1
DA:23,1
DA:30,2
DA:31,2
DA:32,1
DA:37,2
DA:41,2
DA:42,0
DA:44,2
DA:49,1
DA:50,1
DA:51,1
DA:52,0
DA:56,1
LF:25
LH:21
BRDA:31,0,0,1
BRDA:31,0,1,1
BRDA:41,1,0,0
BRDA:41,1,1,2
BRF:4
BRH:3
end_of_record
